info it worked if it ends with ok
verbose cli [ 'C:\\Program Files (x86)\\nodejs\\\\node.exe',
verbose cli   'C:\\Program Files (x86)\\nodejs\\node_modules\\npm\\bin\\npm-cli.js',
verbose cli   'install',
verbose cli   'dmv' ]
info using npm@1.1.21
info using node@v0.6.17
verbose C:\Program Files (x86)\nodejs\\node.exe node symlink
verbose config file C:\Users\jose\.npmrc
verbose config file C:\Program Files (x86)\nodejs\etc\npmrc
verbose config file C:\Program Files (x86)\nodejs\node_modules\npm\npmrc
verbose caching C:\azure_node_example\example2\WebRole1\package.json
verbose loadDefaults application-name@0.0.1
verbose caching C:\azure_node_example\example2\WebRole1\node_modules\azure\package.json
verbose caching C:\azure_node_example\example2\WebRole1\node_modules\jade\package.json
verbose caching C:\azure_node_example\example2\WebRole1\node_modules\express\package.json
verbose caching C:\azure_node_example\example2\WebRole1\node_modules\moment\package.json
verbose caching C:\azure_node_example\example2\WebRole1\node_modules\fb\package.json
verbose caching C:\azure_node_example\example2\WebRole1\node_modules\xmlhttprequest\package.json
verbose caching C:\azure_node_example\example2\WebRole1\node_modules\socket.io\package.json
verbose caching C:\azure_node_example\example2\WebRole1\node_modules\now\package.json
verbose caching C:\azure_node_example\example2\WebRole1\node_modules\jaydata\package.json
verbose caching C:\azure_node_example\example2\WebRole1\node_modules\jsdom\package.json
verbose has bindings.gyp [ undefined,
verbose has bindings.gyp   { file: 'C:\\azure_node_example\\example2\\WebRole1\\node_modules\\sqlite3\\package.json',
verbose has bindings.gyp     gypfile: true,
verbose has bindings.gyp     wscript: false,
verbose has bindings.gyp     contributors: false,
verbose has bindings.gyp     serverjs: false } ]
verbose caching C:\azure_node_example\example2\WebRole1\node_modules\sqlite3\package.json
verbose from cache C:\azure_node_example\example2\WebRole1\package.json
verbose readDependencies: using package.json deps
verbose cache add [ 'dmv', null ]
silly cache add: name, spec, args [ undefined, 'dmv', [ 'dmv', null ] ]
verbose parsed url { pathname: 'dmv', path: 'dmv', href: 'dmv' }
verbose addNamed [ 'dmv', '' ]
verbose addNamed [ null, '' ]
silly name, range, hasData [ 'dmv', '', false ]
verbose raw, before any munging dmv
verbose url resolving [ 'https://registry.npmjs.org/', './dmv' ]
verbose url resolved https://registry.npmjs.org/dmv
http GET https://registry.npmjs.org/dmv
http 404 https://registry.npmjs.org/dmv
silly get cb [ 404,
silly get cb   { server: 'CouchDB/1.2.0 (Erlang OTP/R15B)',
silly get cb     date: 'Sat, 16 Jun 2012 21:33:40 GMT',
silly get cb     'content-type': 'application/json',
silly get cb     'content-length': '52',
silly get cb     'cache-control': 'must-revalidate' } ]
ERR! 404 'dmv' is not in the npm registry.
ERR! 404 You should bug the author to publish it
ERR! 404 Note that you can also install from a
ERR! 404 tarball, folder, or http url, or git url.
ERR! 
ERR! System Windows_NT 6.1.7601
ERR! command "C:\\Program Files (x86)\\nodejs\\\\node.exe" "C:\\Program Files (x86)\\nodejs\\node_modules\\npm\\bin\\npm-cli.js" "install" "dmv"
ERR! cwd C:\azure_node_example\example2\WebRole1
ERR! node -v v0.6.17
ERR! npm -v 1.1.21
ERR! code E404
ERR! message 404 Not Found: dmv
ERR! errno {}
verbose exit [ 1, true ]
